h:\gs\cheat\build\gs.lib
h:\gs\cheat\build\gs.exp
h:\cheat source\cheat\build\gs.lib
h:\cheat source\cheat\build\gs.exp
h:\ltd new source\build\gs.lib
h:\ltd new source\build\gs.exp
c:\users\user\desktop\gamesense\build\gs.lib
c:\users\user\desktop\gamesense\build\gs.exp
c:\users\user\desktop\gamesense\bin\win32\release\slowwalk.obj
c:\users\user\desktop\gamesense\bin\win32\release\antiaim.obj
c:\users\user\desktop\gamesense\bin\win32\release\aes256.obj
c:\users\user\desktop\gamesense\bin\win32\release\discord_rpc.obj
c:\users\user\desktop\gamesense\bin\win32\release\hooked_drawfog.obj
c:\users\user\desktop\gamesense\bin\win32\release\hooked_postscreeneffects.obj
c:\users\user\desktop\gamesense\bin\win32\release\imgui_draw.obj
c:\users\user\desktop\gamesense\bin\win32\release\convar.obj
c:\users\user\desktop\gamesense\bin\win32\release\autowall.obj
c:\users\user\desktop\gamesense\bin\win32\release\gamedata.obj
c:\users\user\desktop\gamesense\bin\win32\release\player_esp.obj
c:\users\user\desktop\gamesense\bin\win32\release\hooked_listleavesinbox.obj
c:\users\user\desktop\gamesense\bin\win32\release\code_editor.obj
c:\users\user\desktop\gamesense\bin\win32\release\memory.obj
c:\users\user\desktop\gamesense\bin\win32\release\utlstring.obj
c:\users\user\desktop\gamesense\bin\win32\release\md5.obj
c:\users\user\desktop\gamesense\bin\win32\release\netmanager.obj
c:\users\user\desktop\gamesense\bin\win32\release\setup_bones.obj
c:\users\user\desktop\gamesense\bin\win32\release\prediction_system.obj
c:\users\user\desktop\gamesense\bin\win32\release\other_esp.obj
c:\users\user\desktop\gamesense\bin\win32\release\hooked_ishltv.obj
c:\users\user\desktop\gamesense\bin\win32\release\hooked_isconnected.obj
c:\users\user\desktop\gamesense\bin\win32\release\item_definitions.obj
c:\users\user\desktop\gamesense\bin\win32\release\skinchanger.obj
c:\users\user\desktop\gamesense\bin\win32\release\util.obj
c:\users\user\desktop\gamesense\bin\win32\release\backtrack.obj
c:\users\user\desktop\gamesense\bin\win32\release\key_binds.obj
c:\users\user\desktop\gamesense\bin\win32\release\aim.obj
c:\users\user\desktop\gamesense\bin\win32\release\world_esp.obj
c:\users\user\desktop\gamesense\bin\win32\release\hooked_getmaterial.obj
c:\users\user\desktop\gamesense\bin\win32\release\hooked_trace.obj
c:\users\user\desktop\gamesense\bin\win32\release\framework.obj
c:\users\user\desktop\gamesense\bin\win32\release\twofish.obj
c:\users\user\desktop\gamesense\bin\win32\release\legitbot.obj
c:\users\user\desktop\gamesense\bin\win32\release\fakelag.obj
c:\users\user\desktop\gamesense\bin\win32\release\tickbase_shift.obj
c:\users\user\desktop\gamesense\bin\win32\release\bullet_tracers.obj
c:\users\user\desktop\gamesense\bin\win32\release\discordrpc.obj
c:\users\user\desktop\gamesense\bin\win32\release\hooks.obj
c:\users\user\desktop\gamesense\bin\win32\release\hooked_painttraverse.obj
c:\users\user\desktop\gamesense\bin\win32\release\imgui_widgets.obj
c:\users\user\desktop\gamesense\bin\win32\release\ctx.obj
c:\users\user\desktop\gamesense\bin\win32\release\dll.obj
c:\users\user\desktop\gamesense\bin\win32\release\logs.obj
c:\users\user\desktop\gamesense\bin\win32\release\grenadeprediction.obj
c:\users\user\desktop\gamesense\bin\win32\release\hooked_createmove.obj
c:\users\user\desktop\gamesense\bin\win32\release\hooked_sceneend.obj
c:\users\user\desktop\gamesense\bin\win32\release\imgui_impl_dx9.obj
c:\users\user\desktop\gamesense\bin\win32\release\cluahook.obj
c:\users\user\desktop\gamesense\bin\win32\release\platform.obj
c:\users\user\desktop\gamesense\bin\win32\release\checksum_md5.obj
c:\users\user\desktop\gamesense\bin\win32\release\structs.obj
c:\users\user\desktop\gamesense\bin\win32\release\resolver.obj
c:\users\user\desktop\gamesense\bin\win32\release\simulation.obj
c:\users\user\desktop\gamesense\bin\win32\release\hitchams.obj
c:\users\user\desktop\gamesense\bin\win32\release\hooked_findmdl.obj
c:\users\user\desktop\gamesense\bin\win32\release\hooked_player.obj
c:\users\user\desktop\gamesense\bin\win32\release\menu.obj
c:\users\user\desktop\gamesense\bin\win32\release\sha-256.obj
c:\users\user\desktop\gamesense\bin\win32\release\grenade_warning.obj
c:\users\user\desktop\gamesense\bin\win32\release\zeusbot.obj
c:\users\user\desktop\gamesense\bin\win32\release\connection_win.obj
c:\users\user\desktop\gamesense\bin\win32\release\rpc_connection.obj
c:\users\user\desktop\gamesense\bin\win32\release\hooked_dme.obj
c:\users\user\desktop\gamesense\bin\win32\release\hooked_runcommand.obj
c:\users\user\desktop\gamesense\bin\win32\release\clua.obj
c:\users\user\desktop\gamesense\bin\win32\release\animation_system.obj
c:\users\user\desktop\gamesense\bin\win32\release\knifebot.obj
c:\users\user\desktop\gamesense\bin\win32\release\config.obj
c:\users\user\desktop\gamesense\bin\win32\release\hooked_events.obj
c:\users\user\desktop\gamesense\bin\win32\release\hooked_senddatagram.obj
c:\users\user\desktop\gamesense\bin\win32\release\clip.obj
c:\users\user\desktop\gamesense\bin\win32\release\clip_win.obj
c:\users\user\desktop\gamesense\bin\win32\release\renderer.obj
c:\users\user\desktop\gamesense\bin\win32\release\threadtools.obj
c:\users\user\desktop\gamesense\bin\win32\release\draw_manager.obj
c:\users\user\desktop\gamesense\bin\win32\release\bunnyhop.obj
c:\users\user\desktop\gamesense\bin\win32\release\misc.obj
c:\users\user\desktop\gamesense\bin\win32\release\configs.obj
c:\users\user\desktop\gamesense\bin\win32\release\hooked_lockcursor.obj
c:\users\user\desktop\gamesense\bin\win32\release\imgui.obj
c:\users\user\desktop\gamesense\bin\win32\release\custom_sounds.obj
c:\users\user\desktop\gamesense\bin\win32\release\vector2d.obj
c:\users\user\desktop\gamesense\bin\win32\release\vector4d.obj
c:\users\user\desktop\gamesense\bin\win32\release\vmatrix.obj
c:\users\user\desktop\gamesense\bin\win32\release\csgo.obj
c:\users\user\desktop\gamesense\bin\win32\release\airstrafe.obj
c:\users\user\desktop\gamesense\bin\win32\release\postproccessing.obj
c:\users\user\desktop\gamesense\bin\win32\release\dormant_esp.obj
c:\users\user\desktop\gamesense\bin\win32\release\discord_register_win.obj
c:\users\user\desktop\gamesense\bin\win32\release\serialization.obj
c:\users\user\desktop\gamesense\bin\win32\release\hooked_beginframe.obj
c:\users\user\desktop\gamesense\bin\win32\release\hooked_overrideview.obj
c:\users\user\desktop\gamesense\bin\win32\release\imgui_demo.obj
c:\users\user\desktop\gamesense\bin\win32\release\imgui_impl_win32.obj
c:\users\user\desktop\gamesense\bin\win32\release\main.obj
c:\users\user\desktop\gamesense\bin\win32\release\recv.obj
c:\users\user\desktop\gamesense\bin\win32\release\local_animations.obj
c:\users\user\desktop\gamesense\bin\win32\release\spammers.obj
c:\users\user\desktop\gamesense\bin\win32\release\nightmode.obj
c:\users\user\desktop\gamesense\bin\win32\release\hooked_fsn.obj
c:\users\user\desktop\gamesense\bin\win32\release\render.obj
c:\users\user\desktop\gamesense\bin\win32\release\vfunc_hook.obj
c:\users\user\desktop\gamesense\bin\win32\release\rawdata.obj
c:\users\user\desktop\gamesense\bin\win32\release\characterset.obj
c:\users\user\desktop\gamesense\bin\win32\release\checksum_crc.obj
c:\users\user\desktop\gamesense\bin\win32\release\color.obj
c:\users\user\desktop\gamesense\bin\win32\release\utlbuffer.obj
c:\users\user\desktop\gamesense\bin\win32\release\math.obj
c:\users\user\desktop\gamesense\bin\win32\release\vc143.pdb
c:\users\user\desktop\gamesense\build\gs.dll
c:\users\user\desktop\gamesense\bin\win32\release\gs.ipdb
c:\users\user\desktop\gamesense\bin\win32\release\gs.iobj
c:\users\user\desktop\gamesense\build\gs.map
c:\users\user\desktop\gamesense\build\gs.pdb
c:\users\user\desktop\gamesense\bin\win32\release\cheat.vcxproj.filelistabsolute.txt
c:\users\user\desktop\gamesense\bin\win32\release\cheat.tlog\cheat.write.1u.tlog
c:\users\user\desktop\gamesense\bin\win32\release\cheat.tlog\cl.command.1.tlog
c:\users\user\desktop\gamesense\bin\win32\release\cheat.tlog\cl.read.1.tlog
c:\users\user\desktop\gamesense\bin\win32\release\cheat.tlog\cl.write.1.tlog
c:\users\user\desktop\gamesense\bin\win32\release\cheat.tlog\link.command.1.tlog
c:\users\user\desktop\gamesense\bin\win32\release\cheat.tlog\link.read.1.tlog
c:\users\user\desktop\gamesense\bin\win32\release\cheat.tlog\link.write.1.tlog
